Date	Time	QCL1 Temp (C)	TEC1 Current (mA)	TEC1 Voltage (V)	QCL1 Current (mA)	QCL2 Temp (C)	TEC2 Current (mA)	TEC2 Voltage (V)	QCL2 Current (mA)	QCL3 Temp (C)	TEC3 Current (mA)	TEC3 Voltage (V)	QCL3 Current (mA)	Case Temp 1 (C)	Case Temp 2 (C)	PCB Temp (C)	
2023/02/02	16:18:18	21.7643	-5	0.06	2	20.9528	0	0.07	6	20.7815	-5	0.01	2	21.65	21.55	19.40	
2023/02/02	16:18:19	21.7643	-5	0.06	2	20.9528	0	0.07	6	20.7815	-5	0.01	2	21.65	21.55	19.40	
2023/02/02	16:18:19	21.7643	0	0.06	2	20.9528	-5	0.07	6	20.7915	-10	0.01	2	21.65	21.55	19.40	
2023/02/02	16:18:20	21.7643	0	0.06	2	20.9528	-5	0.07	6	20.7915	-10	0.01	2	21.65	21.55	19.40	
2023/02/02	16:18:20	21.7643	0	0.06	2	20.9528	0	0.08	6	20.7915	-10	0.01	2	21.65	21.55	19.40	
2023/02/02	16:18:21	21.7643	-5	0.06	4	20.9579	0	0.08	6	20.7865	-10	0.02	0	21.65	21.55	19.40	
2023/02/02	16:18:21	21.7643	-5	0.06	4	20.9579	0	0.08	6	20.7865	-10	0.02	0	21.65	21.55	19.40	
2023/02/02	16:18:22	21.7694	-5	0.06	4	20.9579	-10	0.07	6	20.7865	-5	0.02	4	21.65	21.55	19.40	
2023/02/02	16:18:22	21.7694	-5	0.06	4	20.9528	-5	0.08	6	20.7966	-5	0.01	2	21.65	21.55	19.40	
2023/02/02	16:18:23	21.7694	-5	0.06	4	20.9528	-5	0.08	6	20.7966	-5	0.01	2	21.65	21.55	19.40	
2023/02/02	16:18:23	21.7694	-5	0.06	4	20.9579	-5	0.08	6	20.7966	-15	0.01	0	21.65	21.55	19.50	
2023/02/02	16:18:24	21.7694	-5	0.06	4	20.9579	-5	0.08	6	20.7966	-15	0.01	0	21.65	21.55	19.50	
2023/02/02	16:18:24	21.7694	-5	0.05	2	20.9579	0	0.07	6	20.7966	-5	0.01	2	21.65	21.55	19.40	
2023/02/02	16:18:25	21.7694	-10	0.06	4	20.9629	0	0.08	7	20.7966	-10	0.01	2	21.65	21.55	19.50	
2023/02/02	16:18:25	21.7694	-10	0.06	4	20.9629	0	0.08	7	20.7966	-10	0.01	2	21.65	21.55	19.50	
2023/02/02	16:18:26	21.7694	0	0.06	2	20.9579	-5	0.08	6	20.8016	-5	0.01	2	21.65	21.55	19.40	
2023/02/02	16:18:26	21.7694	0	0.06	2	20.9579	-5	0.08	6	20.8016	-5	0.01	2	21.65	21.55	19.40	
2023/02/02	16:18:27	21.7694	0	0.06	4	20.9629	5	0.07	6	20.7966	-5	0.01	0	21.65	21.55	19.50	
2023/02/02	16:18:27	21.7694	-10	0.06	4	20.9579	-10	0.08	6	20.8016	-15	0.01	2	21.65	21.55	19.40	
2023/02/02	16:18:28	21.7694	-10	0.06	4	20.9579	-10	0.08	6	20.8016	-15	0.01	2	21.65	21.55	19.40	
2023/02/02	16:18:28	21.7694	-10	0.06	4	20.9679	-5	0.08	6	20.8016	-5	0.01	2	21.65	21.55	19.50	
2023/02/02	16:18:29	21.7694	-5	0.06	4	20.9679	-5	0.07	6	20.7966	-5	0.01	2	21.65	21.55	19.50	
2023/02/02	16:18:29	21.7694	-5	0.06	4	20.9679	-5	0.07	6	20.7966	-5	0.01	2	21.65	21.55	19.50	
2023/02/02	16:18:30	21.7694	-5	0.06	4	20.9679	0	0.08	6	20.8016	-5	0.01	2	21.65	21.65	19.40	
2023/02/02	16:18:30	21.7694	-5	0.06	4	20.9679	0	0.08	6	20.8016	-5	0.01	2	21.65	21.65	19.40	
2023/02/02	16:18:31	21.7694	-10	0.06	4	20.9679	-5	0.08	6	20.8016	-5	0.02	0	21.65	21.65	19.40	
2023/02/02	16:18:31	21.7694	0	0.06	4	20.9629	-5	0.08	6	20.8016	-10	0.01	0	21.65	21.65	19.50	
2023/02/02	16:18:32	21.7694	0	0.06	4	20.9629	-5	0.08	6	20.8016	-10	0.01	0	21.65	21.65	19.50	
2023/02/02	16:18:32	21.7694	-10	0.06	6	20.9730	-10	0.08	4	20.8016	-5	0.01	2	21.65	21.65	19.50	
2023/02/02	16:18:33	21.7694	-10	0.06	4	20.9730	-5	0.08	6	20.8016	0	0.01	2	21.65	21.65	19.50	
2023/02/02	16:18:33	21.7694	-10	0.06	4	20.9730	-5	0.08	6	20.8016	0	0.01	2	21.65	21.65	19.50	
2023/02/02	16:18:34	21.7694	-15	0.06	4	20.9730	-5	0.08	7	20.8016	-15	0.01	0	21.65	21.65	19.60	
2023/02/02	16:18:34	21.7694	-15	0.06	4	20.9730	-5	0.08	7	20.8016	-15	0.01	0	21.65	21.65	19.60	
2023/02/02	16:18:35	21.7694	0	0.06	2	20.9730	-5	0.08	6	20.8016	-10	0.01	2	21.65	21.65	19.50	
2023/02/02	16:18:35	21.7694	-5	0.06	2	20.9730	-10	0.07	2	20.8016	-15	0.01	0	21.65	21.65	19.50	
2023/02/02	16:18:36	21.7694	-5	0.06	2	20.9730	-10	0.07	2	20.8016	-15	0.01	0	21.65	21.65	19.50	
2023/02/02	16:18:36	21.7694	0	0.06	0	20.9780	0	0.08	6	20.8016	-15	0.02	2	21.65	21.65	19.60	
2023/02/02	16:18:37	21.7694	-5	0.06	2	20.9730	-5	0.08	6	20.8016	-5	0.01	2	21.65	21.65	19.60	
2023/02/02	16:18:37	21.7694	-5	0.06	2	20.9730	-5	0.08	6	20.8016	-5	0.01	2	21.65	21.65	19.60	
2023/02/02	16:18:38	21.7694	-10	0.06	4	20.9730	0	0.08	6	20.8016	-15	0.01	0	21.65	21.65	19.60	
2023/02/02	16:18:38	21.7694	-10	0.06	4	20.9730	0	0.08	6	20.8016	-15	0.01	0	21.65	21.65	19.60	
2023/02/02	16:18:39	21.7694	-5	0.06	4	20.9780	-10	0.07	6	20.8016	-10	0.01	2	21.75	21.65	19.60	
2023/02/02	16:18:39	21.7694	1135	4.42	4	20.9831	-5	0.08	6	20.8016	-10	0.01	0	21.75	21.65	19.50	
2023/02/02	16:18:40	21.7694	1135	4.42	4	20.9831	-5	0.08	6	20.8016	-10	0.01	0	21.75	21.65	19.50	
2023/02/02	16:18:40	21.7189	315	4.44	2	20.9780	-15	0.08	7	20.8016	-10	0.01	2	21.75	21.65	19.70	
2023/02/02	16:18:41	21.6181	340	4.76	4	20.9831	-10	0.08	7	20.8016	-5	0.01	2	21.75	21.65	19.70	
2023/02/02	16:18:41	21.6181	340	4.76	4	20.9831	-10	0.08	7	20.8016	-5	0.01	2	21.75	21.65	19.70	
2023/02/02	16:18:42	21.4972	360	5.06	4	21.0032	-10	0.08	6	20.8016	-10	0.01	0	21.75	21.65	19.50	
2023/02/02	16:18:42	21.4972	360	5.06	4	21.0032	-10	0.08	6	20.8016	-10	0.01	0	21.75	21.65	19.50	
2023/02/02	16:18:43	21.3913	385	5.39	2	20.9932	-5	0.08	6	20.8066	-10	0.01	0	21.75	21.65	19.60	
2023/02/02	16:18:43	21.2704	390	5.66	4	20.9881	0	0.08	6	20.8016	-10	0.01	0	21.75	21.65	19.60	
2023/02/02	16:18:44	21.2704	390	5.66	4	20.9881	0	0.08	6	20.8016	-10	0.01	0	21.75	21.65	19.60	
2023/02/02	16:18:44	21.1494	410	5.98	4	21.0032	-5	2.19	6	20.8016	-10	1.75	2	21.75	21.65	19.70	
2023/02/02	16:18:45	21.0083	420	6.12	2	20.9831	230	3.19	4	20.8016	-30	14.92	4	21.75	21.75	19.70	
2023/02/02	16:18:45	21.0083	420	6.12	2	20.9831	230	3.19	4	20.8016	-30	14.92	4	21.75	21.75	19.70	
2023/02/02	16:18:46	20.8873	445	6.34	2	20.9024	245	3.43	4	20.8016	-30	14.90	0	21.75	21.75	19.70	
2023/02/02	16:18:46	20.8873	445	6.34	2	20.9024	245	3.43	4	20.8016	-30	14.90	0	21.75	21.75	19.70	
2023/02/02	16:18:47	20.7512	440	6.51	4	20.8268	245	3.68	6	20.8066	-25	14.93	6	21.75	21.75	19.70	
2023/02/02	16:18:47	20.6101	455	6.61	4	20.7563	270	3.94	4	20.8066	-30	14.94	0	21.75	21.85	19.60	
2023/02/02	16:18:48	20.6101	455	6.61	4	20.7563	270	3.94	4	20.8066	-30	14.94	0	21.75	21.85	19.60	
2023/02/02	16:18:48	20.4790	455	6.70	4	20.6958	285	4.17	6	20.8117	-30	14.96	0	21.75	21.85	19.70	
2023/02/02	16:18:49	20.4790	455	6.70	4	20.6958	285	4.17	6	20.8117	-30	14.96	0	21.75	21.85	19.70	
2023/02/02	16:18:49	20.3429	460	6.82	2	20.6202	295	4.40	6	20.8117	-35	14.93	2	21.75	21.85	19.60	
2023/02/02	16:18:50	20.1968	460	6.85	2	20.5345	300	4.56	7	20.8167	-30	14.99	2	21.75	21.85	19.70	
2023/02/02	16:18:50	20.1968	460	6.85	2	20.5345	300	4.56	7	20.8167	-30	14.99	2	21.75	21.85	19.70	
2023/02/02	16:18:51	20.0607	460	6.83	2	20.4538	320	4.69	9	20.8268	-30	14.97	0	21.75	21.95	19.80	
2023/02/02	16:18:51	19.9196	455	6.78	6	20.3782	330	4.91	6	20.8117	-30	14.99	0	21.75	21.95	19.70	
2023/02/02	16:18:52	19.9196	455	6.78	6	20.3782	330	4.91	6	20.8117	-30	14.99	0	21.75	21.95	19.70	
2023/02/02	16:18:52	19.7885	450	6.86	2	20.2925	335	5.07	7	20.8167	-30	14.96	0	21.75	21.95	19.70	
2023/02/02	16:18:53	19.7885	450	6.86	2	20.2925	335	5.07	7	20.8167	-30	14.96	0	21.75	21.95	19.70	
2023/02/02	16:18:53	19.6474	445	6.75	4	20.1968	345	5.15	6	20.8218	-35	15.01	2	21.75	21.95	19.80	
2023/02/02	16:18:54	19.5264	445	6.72	4	20.1060	340	5.25	6	20.8268	-40	15.02	2	21.75	22.05	19.70	
2023/02/02	16:18:54	19.5264	445	6.72	4	20.1060	340	5.25	6	20.8268	-40	15.02	2	21.75	22.05	19.70	
2023/02/02	16:18:55	19.3903	435	6.64	4	20.0153	350	5.36	7	20.8319	-35	14.99	2	21.75	22.05	19.80	
2023/02/02	16:18:55	19.2643	435	6.46	2	19.9196	355	5.43	7	20.8369	-35	15.02	2	21.75	22.05	19.80	
2023/02/02	16:18:56	19.2643	435	6.46	2	19.9196	355	5.43	7	20.8369	-35	15.02	2	21.75	22.05	19.80	
2023/02/02	16:18:56	19.1434	415	6.39	2	19.8440	355	5.48	7	20.8419	-35	15.02	2	21.75	22.05	19.70	
2023/02/02	16:18:57	19.1434	415	6.39	2	19.8440	355	5.48	7	20.8419	-35	15.02	2	21.75	22.05	19.70	
2023/02/02	16:18:57	19.0476	425	6.29	2	19.7532	370	5.52	6	20.8470	-30	15.03	2	21.75	22.15	19.70	
2023/02/02	16:18:58	18.9216	405	6.08	2	19.6625	350	5.52	7	20.8520	-30	15.04	2	21.75	22.15	19.80	
2023/02/02	16:18:58	18.9216	405	6.08	2	19.6625	350	5.52	7	20.8520	-30	15.04	2	21.75	22.15	19.80	
2023/02/02	16:18:59	18.8157	390	5.96	2	19.5819	355	5.49	7	20.8520	-30	15.05	2	21.75	22.15	19.80	
2023/02/02	16:18:59	18.7250	375	5.81	4	19.4861	355	5.48	7	20.8671	-20	15.07	2	21.75	22.15	19.80	
2023/02/02	16:19:00	18.7250	375	5.81	4	19.4861	355	5.48	7	20.8671	-20	15.07	2	21.75	22.15	19.80	
2023/02/02	16:19:00	18.6343	370	5.63	2	19.4054	360	5.46	7	20.8722	-25	15.05	2	21.75	22.15	19.90	
2023/02/02	16:19:01	18.6343	370	5.63	2	19.4054	360	5.46	7	20.8722	-25	15.05	2	21.75	22.15	19.90	
2023/02/02	16:19:01	18.5486	350	5.44	2	19.3248	345	5.40	7	20.8671	-40	15.11	2	21.75	22.15	19.90	
2023/02/02	16:19:02	18.4679	340	5.23	2	19.2492	340	5.35	7	20.8722	-30	15.06	0	21.75	22.15	19.90	
2023/02/02	16:19:02	18.4679	340	5.23	2	19.2492	340	5.35	7	20.8722	-30	15.06	0	21.75	22.15	19.90	
2023/02/02	16:19:03	18.3923	330	5.04	2	19.1685	345	5.29	7	20.8772	-30	15.12	0	21.75	22.25	19.80	
2023/02/02	16:19:03	18.3167	305	4.80	4	19.0929	335	5.20	7	20.8822	-30	15.11	2	21.75	22.25	19.90	
2023/02/02	16:19:04	18.3167	305	4.80	4	19.0929	335	5.20	7	20.8822	-30	15.11	2	21.75	22.25	19.90	
2023/02/02	16:19:04	18.2411	290	4.56	2	19.0224	330	5.15	7	20.8772	-30	15.15	2	21.75	22.25	19.90	
2023/02/02	16:19:05	18.2411	290	4.56	2	19.0224	330	5.15	7	20.8772	-30	15.15	2	21.75	22.25	19.90	
2023/02/02	16:19:05	18.2058	285	4.34	4	18.9518	330	5.05	7	20.8772	-35	15.14	2	21.75	22.25	19.90	
2023/02/02	16:19:06	18.1454	255	4.21	4	18.8812	310	4.92	6	20.8822	-30	15.11	0	21.75	22.25	19.90	
2023/02/02	16:19:06	18.1454	255	4.21	4	18.8812	310	4.92	6	20.8822	-30	15.11	0	21.75	22.25	19.90	
2023/02/02	16:19:07	18.0899	240	3.93	2	18.8157	300	4.79	7	20.8822	-40	15.16	2	21.75	22.25	19.90	
2023/02/02	16:19:07	18.0899	240	3.93	2	18.8157	300	4.79	7	20.8822	-40	15.16	2	21.75	22.25	19.90	
2023/02/02	16:19:08	18.0647	235	3.79	2	18.7552	290	4.66	7	20.8822	-40	15.18	2	21.75	22.25	20.00	
2023/02/02	16:19:08	18.0294	215	3.51	2	18.7099	295	4.59	6	20.8822	-30	15.17	2	21.75	22.25	19.90	
2023/02/02	16:19:09	18.0294	215	3.51	2	18.7099	295	4.59	6	20.8822	-30	15.17	2	21.75	22.25	19.90	
2023/02/02	16:19:09	17.9841	205	3.34	4	18.6494	275	4.41	7	20.8822	-30	15.18	0	21.75	22.25	19.90	
2023/02/02	16:19:10	17.9790	195	3.17	2	18.5889	260	4.25	9	20.8822	-35	15.19	2	21.75	22.25	20.00	
2023/02/02	16:19:10	17.9790	195	3.17	2	18.5889	260	4.25	9	20.8822	-35	15.19	2	21.75	22.25	20.00	
2023/02/02	16:19:11	17.9740	180	2.98	4	18.5486	255	4.12	13	20.8822	-25	15.16	2	21.75	22.25	19.90	
2023/02/02	16:19:11	17.9740	180	2.98	4	18.5486	255	4.12	13	20.8822	-25	15.16	2	21.75	22.25	19.90	
2023/02/02	16:19:12	17.9589	165	2.79	6	18.5083	245	3.99	9	20.8822	-30	15.18	2	21.75	22.25	20.00	
2023/02/02	16:19:12	17.9488	150	2.62	2	18.4629	245	3.84	9	20.8822	-35	15.20	2	21.75	22.25	20.00	
2023/02/02	16:19:13	17.9488	150	2.62	2	18.4629	245	3.84	9	20.8822	-35	15.20	2	21.75	22.25	20.00	
2023/02/02	16:19:13	17.9437	135	2.44	2	18.4327	225	3.73	7	20.8822	-35	15.21	0	21.75	22.25	20.00	
2023/02/02	16:19:14	17.9689	130	2.29	2	18.3974	220	3.56	6	20.8822	-35	15.25	2	21.75	22.25	20.10	
2023/02/02	16:19:14	17.9689	130	2.29	2	18.3974	220	3.56	6	20.8822	-35	15.25	2	21.75	22.25	20.10	
2023/02/02	16:19:15	17.9740	110	2.10	6	18.3772	215	3.43	6	20.8822	-35	15.24	0	21.75	22.25	19.90	
2023/02/02	16:19:15	17.9740	110	2.10	6	18.3772	215	3.43	6	20.8822	-35	15.24	0	21.75	22.25	19.90	
2023/02/02	16:19:16	17.9790	100	1.93	2	18.3419	195	3.22	7	20.8822	-35	15.25	2	21.75	22.25	20.00	
2023/02/02	16:19:16	17.9790	90	1.76	0	18.3167	185	3.09	7	20.8822	-35	15.23	0	21.75	22.25	20.00	
2023/02/02	16:19:17	17.9790	90	1.76	0	18.3167	185	3.09	7	20.8822	-35	15.23	0	21.75	22.25	20.00	
2023/02/02	16:19:17	17.9891	75	1.64	4	18.3016	185	2.97	6	20.8822	-35	15.28	0	21.75	22.25	20.00	
2023/02/02	16:19:18	18.0445	80	1.52	0	18.2915	165	2.83	7	20.8822	-30	15.26	2	21.75	22.25	20.10	
2023/02/02	16:19:18	18.0445	80	1.52	0	18.2915	165	2.83	7	20.8822	-30	15.26	2	21.75	22.25	20.10	
2023/02/02	16:19:19	18.0597	60	1.35	2	18.2815	160	2.69	7	20.8822	-40	15.26	4	21.75	22.25	20.10	
2023/02/02	16:19:19	18.0597	60	1.35	2	18.2815	160	2.69	7	20.8822	-40	15.26	4	21.75	22.25	20.10	
2023/02/02	16:19:20	18.1111	55	1.26	4	18.2663	140	2.50	6	20.8822	-35	15.31	0	21.75	22.25	20.10	
2023/02/02	16:19:20	18.1353	45	1.16	4	18.2663	140	2.40	6	20.8873	-30	15.30	2	21.75	22.15	20.00	
2023/02/02	16:19:21	18.1353	45	1.16	4	18.2663	140	2.40	6	20.8873	-30	15.30	2	21.75	22.15	20.00	
2023/02/02	16:19:21	18.1403	35	1.00	2	18.2512	125	2.22	6	20.8873	-30	15.32	0	21.75	22.15	20.10	
2023/02/02	16:19:22	18.1403	35	1.00	2	18.2512	125	2.22	6	20.8873	-30	15.32	0	21.75	22.15	20.10	
2023/02/02	16:19:22	18.2058	30	0.98	4	18.2512	120	2.12	6	20.8974	-35	15.28	0	21.75	22.15	20.10	
2023/02/02	16:19:23	18.2210	15	0.82	2	18.2512	115	1.96	6	20.8923	-35	15.33	0	21.75	22.15	20.10	
2023/02/02	16:19:23	18.2210	15	0.82	2	18.2512	115	1.96	6	20.8923	-35	15.33	0	21.75	22.15	20.10	
2023/02/02	16:19:24	18.2865	25	0.81	2	18.2714	100	1.86	7	20.9024	-35	15.32	2	21.75	22.15	20.10	
2023/02/02	16:19:24	18.3117	10	0.73	4	18.2815	95	1.75	7	20.9075	-35	15.32	0	21.75	22.15	20.10	
2023/02/02	16:19:25	18.3117	10	0.73	4	18.2815	95	1.75	7	20.9075	-35	15.32	0	21.75	22.15	20.10	
2023/02/02	16:19:25	18.3722	10	0.67	2	18.2915	90	1.65	6	20.9175	-35	15.30	6	21.75	22.15	20.10	
2023/02/02	16:19:26	18.3722	10	0.67	2	18.2915	90	1.65	6	20.9175	-35	15.30	6	21.75	22.15	20.10	
2023/02/02	16:19:26	18.4075	0	0.66	2	18.2966	80	1.51	4	20.9125	-40	15.33	2	21.75	22.15	20.20	
2023/02/02	16:19:27	18.4579	5	0.56	6	18.3067	70	1.39	6	20.9175	-35	15.29	0	21.75	22.15	20.20	
2023/02/02	16:19:27	18.4579	5	0.56	6	18.3067	70	1.39	6	20.9175	-35	15.29	0	21.75	22.15	20.20	
2023/02/02	16:19:28	18.5184	10	0.60	2	18.3167	60	1.29	6	20.9276	-35	15.33	2	21.75	22.15	20.20	
2023/02/02	16:19:28	18.5436	0	0.49	6	18.3419	55	1.22	6	20.9427	-30	15.29	0	21.75	22.15	20.20	
2023/02/02	16:19:29	18.5436	0	0.49	6	18.3419	55	1.22	6	20.9427	-30	15.29	0	21.75	22.15	20.20	
2023/02/02	16:19:29	18.6091	0	0.55	4	18.3671	50	1.13	7	20.9427	-40	15.30	0	21.75	22.15	20.20	
2023/02/02	16:19:30	18.6091	0	0.55	4	18.3671	50	1.13	7	20.9427	-40	15.30	0	21.75	22.15	20.20	
2023/02/02	16:19:30	18.6393	5	0.56	2	18.3823	40	1.04	6	20.9478	-35	15.31	2	21.85	22.05	20.30	
2023/02/02	16:19:31	18.6998	0	0.51	2	18.3974	40	0.94	6	20.9528	-35	15.32	0	21.85	22.05	20.20	
2023/02/02	16:19:31	18.6998	0	0.51	2	18.3974	40	0.94	6	20.9528	-35	15.32	0	21.85	22.05	20.20	
2023/02/02	16:19:32	18.7300	5	0.56	2	18.4327	30	0.86	6	20.9629	-30	15.30	0	21.85	22.05	20.10	
2023/02/02	16:19:33	18.7804	5	0.53	0	18.4579	35	0.82	6	20.9629	-35	15.32	0	21.85	22.05	20.20	
2023/02/02	16:19:33	18.7804	5	0.53	0	18.4579	35	0.82	6	20.9629	-35	15.32	0	21.85	22.05	20.20	
2023/02/02	16:19:33	18.8258	0	0.59	4	18.4780	25	0.75	6	20.9629	-30	15.34	0	21.85	22.05	20.20	
2023/02/02	16:19:34	18.8258	0	0.59	4	18.4780	25	0.75	6	20.9629	-30	15.34	0	21.85	22.05	20.20	
2023/02/02	16:19:34	18.8611	0	0.56	6	18.5083	20	0.71	6	20.9579	-40	15.30	2	21.85	22.05	20.20	
2023/02/02	16:19:35	18.8964	10	0.66	4	18.5335	10	0.65	7	20.9629	-35	15.31	2	21.85	22.05	20.20	
2023/02/02	16:19:35	18.8964	10	0.66	4	18.5335	10	0.65	7	20.9629	-35	15.31	2	21.85	22.05	20.20	
2023/02/02	16:19:36	18.9417	20	0.64	6	18.5637	15	0.60	7	20.9629	-35	15.32	2	21.85	22.05	20.30	
2023/02/02	16:19:36	18.9417	20	0.64	6	18.5637	15	0.60	7	20.9629	-35	15.32	2	21.85	22.05	20.30	
2023/02/02	16:19:37	18.9669	5	0.72	6	18.5940	20	0.59	4	20.9629	-30	15.30	2	21.85	22.05	20.30	
2023/02/02	16:19:37	19.0224	15	0.73	4	18.6242	15	0.53	4	20.9629	-35	15.31	2	21.85	22.05	20.20	
2023/02/02	16:19:38	19.0224	15	0.73	4	18.6242	15	0.53	4	20.9629	-35	15.31	2	21.85	22.05	20.20	
2023/02/02	16:19:38	19.0274	25	0.72	2	18.6544	10	0.47	6	20.9629	-30	15.34	2	21.85	22.05	20.30	
2023/02/02	16:19:39	19.0879	35	0.87	6	18.6847	20	0.52	6	20.9629	-30	15.29	2	21.85	22.05	20.30	
2023/02/02	16:19:39	19.0879	35	0.87	6	18.6847	20	0.52	6	20.9629	-30	15.29	2	21.85	22.05	20.30	
2023/02/02	16:19:40	19.1081	35	0.87	2	18.7048	0	0.45	7	20.9629	-35	15.30	0	21.85	22.05	20.30	
2023/02/02	16:19:40	19.1081	35	0.87	2	18.7048	0	0.45	7	20.9629	-35	15.30	0	21.85	22.05	20.30	
2023/02/02	16:19:41	19.1232	35	0.95	2	18.7351	5	0.45	6	20.9629	-40	15.32	2	21.85	22.05	20.20	
2023/02/02	16:19:41	19.1736	45	1.05	0	18.7754	0	0.47	6	20.9629	-35	15.33	2	21.85	22.05	20.30	
2023/02/02	16:19:42	19.1736	45	1.05	0	18.7754	0	0.47	6	20.9629	-35	15.33	2	21.85	22.05	20.30	
2023/02/02	16:19:42	19.1887	45	1.03	2	18.7905	5	0.44	7	20.9629	-40	15.30	2	21.85	22.05	20.20	
2023/02/02	16:19:43	19.1887	45	1.05	2	18.8309	15	0.49	6	20.9629	-40	15.34	2	21.85	22.05	20.30	
2023/02/02	16:19:43	19.1887	45	1.05	2	18.8309	15	0.49	6	20.9629	-40	15.34	2	21.85	22.05	20.30	
2023/02/02	16:19:44	19.1937	55	1.13	2	18.8560	5	0.47	6	20.9629	-30	15.35	0	21.85	22.05	20.40	
2023/02/02	16:19:44	19.1937	55	1.13	2	18.8560	5	0.47	6	20.9629	-30	15.35	0	21.85	22.05	20.40	
2023/02/02	16:19:45	19.2442	65	1.24	0	18.8712	10	0.45	6	20.9629	-30	15.34	0	21.85	22.05	20.40	
2023/02/02	16:19:45	19.2693	65	1.30	2	18.9065	20	0.52	6	20.9629	-30	15.33	0	21.85	22.05	20.40	
2023/02/02	16:19:46	19.2693	65	1.30	2	18.9065	20	0.52	6	20.9629	-30	15.33	0	21.85	22.05	20.40	
2023/02/02	16:19:46	19.2693	60	1.34	2	18.9317	15	0.50	6	20.9679	-40	15.31	2	21.85	22.05	20.30	
2023/02/02	16:19:47	19.2693	70	1.36	4	18.9518	15	0.53	7	20.9629	-35	15.33	0	21.85	22.05	20.40	
2023/02/02	16:19:47	19.2693	70	1.36	4	18.9518	15	0.53	7	20.9629	-35	15.33	0	21.85	22.05	20.40	
2023/02/02	16:19:48	19.2693	65	1.43	0	18.9770	5	0.57	6	20.9679	-35	15.33	2	21.85	22.05	20.40	
2023/02/02	16:19:48	19.2693	65	1.43	0	18.9770	5	0.57	6	20.9679	-35	15.33	2	21.85	22.05	20.40	
2023/02/02	16:19:49	19.2693	85	1.48	4	19.0073	15	0.61	6	20.9730	-30	15.31	0	21.85	22.05	20.40	
2023/02/02	16:19:49	19.2794	75	1.53	4	19.0224	25	0.61	6	20.9679	-30	15.34	0	21.85	22.05	20.40	
2023/02/02	16:19:50	19.2794	75	1.53	4	19.0224	25	0.61	6	20.9679	-30	15.34	0	21.85	22.05	20.40	
2023/02/02	16:19:50	19.2845	85	1.58	4	19.0375	25	0.64	4	20.9730	-40	15.33	2	21.85	22.05	20.40	
2023/02/02	16:19:51	19.2845	85	1.58	4	19.0375	25	0.64	4	20.9730	-40	15.33	2	21.85	22.05	20.40	
2023/02/02	16:19:51	19.2895	90	1.63	6	19.0526	35	0.69	6	20.9730	-30	15.29	0	21.85	22.05	20.50	
2023/02/02	16:19:52	19.2845	95	1.66	6	19.0829	30	0.70	7	20.9780	-35	15.34	2	21.85	22.05	20.50	
2023/02/02	16:19:52	19.2845	95	1.66	6	19.0829	30	0.70	7	20.9780	-35	15.34	2	21.85	22.05	20.50	
2023/02/02	16:19:53	19.2895	105	1.72	4	19.0929	25	0.75	4	20.9831	-35	15.28	2	21.85	22.05	20.50	
2023/02/02	16:19:53	19.2794	100	1.79	0	19.1081	35	0.78	7	20.9831	-35	15.30	0	21.85	22.05	20.50	
2023/02/02	16:19:54	19.2794	100	1.79	0	19.1081	35	0.78	7	20.9831	-35	15.30	0	21.85	22.05	20.50	
2023/02/02	16:19:54	19.2693	100	1.79	4	19.1181	40	0.81	6	20.9831	-35	15.33	2	21.85	22.05	20.50	
2023/02/02	16:19:55	19.2693	100	1.79	4	19.1181	40	0.81	6	20.9831	-35	15.33	2	21.85	22.05	20.50	
2023/02/02	16:19:55	19.2744	105	1.86	2	19.1333	40	0.86	6	21.0032	-40	15.33	0	21.85	22.05	20.50	
2023/02/02	16:19:56	19.2693	105	1.90	0	19.1534	40	0.92	6	21.0083	-30	15.29	0	21.85	22.05	20.40	
2023/02/02	16:19:56	19.2693	105	1.90	0	19.1534	40	0.92	6	21.0083	-30	15.29	0	21.85	22.05	20.40	
2023/02/02	16:19:57	19.2693	120	1.94	2	19.1685	45	0.97	4	21.0083	-35	15.34	2	21.85	22.05	20.50	
2023/02/02	16:19:58	19.2693	115	2.00	2	19.1736	50	1.00	6	21.0083	-35	15.29	0	21.85	22.05	20.50	
2023/02/02	16:19:58	19.2693	115	2.00	2	19.1736	50	1.00	6	21.0083	-35	15.29	0	21.85	22.05	20.50	
2023/02/02	16:19:58	19.2693	115	2.04	0	19.1786	50	1.03	7	21.0083	-30	15.32	2	21.85	22.05	20.50	
2023/02/02	16:19:59	19.2693	115	2.04	0	19.1786	50	1.03	7	21.0083	-30	15.32	2	21.85	22.05	20.50	
2023/02/02	16:19:59	19.2643	125	2.08	0	19.1837	50	1.09	6	21.0183	-35	15.29	0	21.85	22.05	20.50	
2023/02/02	16:20:00	19.2442	130	2.06	0	19.1937	65	1.13	4	21.0234	-25	15.34	0	21.85	22.05	20.60	
2023/02/02	16:20:00	19.2442	130	2.06	0	19.1937	65	1.13	4	21.0234	-25	15.34	0	21.85	22.05	20.60	
2023/02/02	16:20:01	19.2089	125	2.06	2	19.1887	60	1.17	7	21.0284	-35	15.34	6	21.85	22.05	20.50	
2023/02/02	16:20:02	19.1887	125	2.09	4	19.1937	60	1.17	6	21.0234	-25	15.30	0	21.85	22.05	20.50	
2023/02/02	16:20:02	19.1887	125	2.09	4	19.1937	60	1.17	6	21.0234	-25	15.30	0	21.85	22.05	20.50	
2023/02/02	16:20:02	19.1887	120	2.14	4	19.1937	65	1.24	6	21.0335	-35	15.32	0	21.85	22.05	20.50	
2023/02/02	16:20:03	19.1887	120	2.14	4	19.1937	65	1.24	6	21.0335	-35	15.32	0	21.85	22.05	20.50	
2023/02/02	16:20:03	19.1887	130	2.17	4	19.1988	65	1.25	4	21.0385	-30	15.34	2	21.85	22.05	20.50	
2023/02/02	16:20:04	19.1887	135	2.22	4	19.1988	70	1.31	6	21.0335	-30	15.30	0	21.85	22.05	20.60	
2023/02/02	16:20:04	19.1887	135	2.22	4	19.1988	70	1.31	6	21.0335	-30	15.30	0	21.85	22.05	20.60	
2023/02/02	16:20:05	19.1736	135	2.21	4	19.1988	65	1.34	7	21.0385	-35	15.30	0	21.85	22.05	20.50	
2023/02/02	16:20:06	19.1383	130	2.16	4	19.1988	75	1.38	6	21.0385	-40	15.31	0	21.85	22.05	20.60	
2023/02/02	16:20:06	19.1383	130	2.16	4	19.1988	75	1.38	6	21.0385	-40	15.31	0	21.85	22.05	20.60	
2023/02/02	16:20:06	19.1131	130	2.19	2	19.1988	75	1.40	4	21.0435	-40	15.29	0	21.85	22.05	20.60	
2023/02/02	16:20:07	19.1131	130	2.19	2	19.1988	75	1.40	4	21.0435	-40	15.29	0	21.85	22.05	20.60	
2023/02/02	16:20:07	19.1081	135	2.20	4	19.1988	75	1.46	6	21.0385	-35	15.30	6	21.85	22.05	20.60	
2023/02/02	16:20:08	19.1081	130	2.23	2	19.1937	75	1.49	4	21.0385	-30	15.34	0	21.85	22.05	20.60	
2023/02/02	16:20:08	19.1081	130	2.23	2	19.1937	75	1.49	4	21.0385	-30	15.34	0	21.85	22.05	20.60	
2023/02/02	16:20:09	19.1030	130	2.24	0	19.1937	85	1.53	6	21.0435	-40	15.34	0	21.85	22.05	20.60	
2023/02/02	16:20:09	19.1030	130	2.24	0	19.1937	85	1.53	6	21.0435	-40	15.34	0	21.85	22.05	20.60	
2023/02/02	16:20:10	19.0678	130	2.16	2	19.1937	90	1.57	6	21.0435	-25	15.30	0	21.85	22.05	20.60	
2023/02/02	16:20:10	19.0375	130	2.18	4	19.1887	80	1.58	6	21.0435	-35	15.30	2	21.85	22.05	20.70	
2023/02/02	16:20:11	19.0375	130	2.18	4	19.1887	80	1.58	6	21.0435	-35	15.30	2	21.85	22.05	20.70	
2023/02/02	16:20:11	19.0274	135	2.17	2	19.1887	95	1.62	6	21.0435	-35	15.32	0	21.85	22.05	20.70	
2023/02/02	16:20:12	19.0274	125	2.18	2	19.1786	100	1.67	6	21.0435	-40	15.31	0	21.85	22.05	20.70	
2023/02/02	16:20:12	19.0274	125	2.18	2	19.1786	100	1.67	6	21.0435	-40	15.31	0	21.85	22.05	20.70	
2023/02/02	16:20:13	19.0274	125	2.19	4	19.1786	105	1.69	4	21.0435	-40	15.29	2	21.85	22.05	20.70	
2023/02/02	16:20:13	19.0274	125	2.19	4	19.1786	105	1.69	4	21.0435	-40	15.29	2	21.85	22.05	20.70	
2023/02/02	16:20:14	19.0274	130	2.19	2	19.1685	100	1.69	6	21.0435	-40	15.34	2	21.85	22.05	20.70	
2023/02/02	16:20:14	19.0123	130	2.13	2	19.1635	95	1.72	6	21.0435	-40	15.31	0	21.85	22.05	20.60	
2023/02/02	16:20:15	19.0123	130	2.13	2	19.1635	95	1.72	6	21.0435	-40	15.31	0	21.85	22.05	20.60	
2023/02/02	16:20:15	18.9821	125	2.13	2	19.1383	90	1.66	6	21.0435	-25	15.33	2	21.85	22.05	20.70	
2023/02/02	16:20:16	18.9518	110	2.08	4	19.1282	100	1.70	6	21.0435	-25	15.31	2	21.85	22.05	20.70	
2023/02/02	16:20:16	18.9518	110	2.08	4	19.1282	100	1.70	6	21.0435	-25	15.31	2	21.85	22.05	20.70	
2023/02/02	16:20:17	18.9518	120	2.09	2	19.1282	100	1.72	4	21.0435	-35	15.32	0	21.85	22.05	20.70	
2023/02/02	16:20:17	18.9518	120	2.09	2	19.1282	100	1.72	4	21.0435	-35	15.32	0	21.85	22.05	20.70	
2023/02/02	16:20:18	18.9468	120	2.07	4	19.1181	95	1.73	4	21.0435	-35	15.30	2	21.85	22.05	20.80	
2023/02/02	16:20:18	18.9468	115	2.06	2	19.1081	105	1.77	6	21.0435	-30	15.28	2	21.85	22.05	20.70	
2023/02/02	16:20:19	18.9468	115	2.06	2	19.1081	105	1.77	6	21.0435	-30	15.28	2	21.85	22.05	20.70	
2023/02/02	16:20:19	18.9468	120	2.06	2	19.1030	100	1.77	6	21.0435	-30	15.33	2	21.85	22.05	20.70	
2023/02/02	16:20:20	18.9468	110	2.05	2	19.1030	105	1.79	6	21.0435	-40	15.28	2	21.85	22.05	20.70	
2023/02/02	16:20:20	18.9468	110	2.05	2	19.1030	105	1.79	6	21.0435	-40	15.28	2	21.85	22.05	20.70	
2023/02/02	16:20:21	18.9367	120	2.03	2	19.0929	105	1.79	6	21.0435	-30	15.33	0	21.95	22.05	20.70	
2023/02/02	16:20:21	18.9367	120	2.03	2	19.0929	105	1.79	6	21.0435	-30	15.33	0	21.95	22.05	20.70	
2023/02/02	16:20:22	18.9216	110	1.98	4	19.0829	105	1.80	6	21.0435	-35	15.29	2	21.85	22.05	20.80	
2023/02/02	16:20:23	18.9115	105	1.94	4	19.0678	100	1.77	6	21.0435	-30	15.32	0	21.95	22.05	20.70	
2023/02/02	16:20:23	18.9115	105	1.94	4	19.0678	100	1.77	6	21.0435	-30	15.32	0	21.95	22.05	20.70	
2023/02/02	16:20:23	18.8913	110	1.92	4	19.0526	100	1.79	4	21.0435	-35	15.31	0	21.95	22.05	20.70	
2023/02/02	16:20:24	18.8762	100	1.89	2	19.0425	100	1.78	7	21.0435	-30	15.30	0	21.95	22.05	20.80	
2023/02/02	16:20:24	18.8762	100	1.89	2	19.0425	100	1.78	7	21.0435	-30	15.30	0	21.95	22.05	20.80	
2023/02/02	16:20:25	18.8712	100	1.86	2	19.0375	110	1.77	6	21.0435	-30	15.34	0	21.95	22.05	20.80	
2023/02/02	16:20:25	18.8712	100	1.86	2	19.0375	110	1.77	6	21.0435	-30	15.34	0	21.95	22.05	20.80	
2023/02/02	16:20:26	18.8661	100	1.81	2	19.0325	100	1.77	6	21.0435	-30	15.29	0	21.95	22.05	20.70	
2023/02/02	16:20:27	18.8712	95	1.83	2	19.0274	105	1.80	6	21.0435	-30	15.30	2	21.95	22.05	20.80	
2023/02/02	16:20:27	18.8712	95	1.83	2	19.0274	105	1.80	6	21.0435	-30	15.30	2	21.95	22.05	20.80	
2023/02/02	16:20:27	18.8661	95	1.78	2	19.0173	105	1.76	7	21.0435	-40	15.29	0	21.95	22.05	20.80	
2023/02/02	16:20:28	18.8661	95	1.78	2	19.0173	105	1.76	7	21.0435	-40	15.29	0	21.95	22.05	20.80	
2023/02/02	16:20:28	18.8661	95	1.76	2	19.0224	90	1.78	6	21.0435	-30	15.34	2	21.95	22.05	20.70	
2023/02/02	16:20:29	18.8661	95	1.73	2	19.0073	100	1.75	6	21.0435	-35	15.33	2	21.95	22.05	20.90	
2023/02/02	16:20:29	18.8661	95	1.73	2	19.0073	100	1.75	6	21.0435	-35	15.33	2	21.95	22.05	20.90	
2023/02/02	16:20:30	18.8661	90	1.73	4	19.0022	95	1.76	4	21.0486	-35	15.29	0	21.95	22.05	20.90	
2023/02/02	16:20:31	18.8661	80	1.72	4	18.9871	100	1.70	6	21.0486	-35	15.35	0	21.95	22.15	20.80	
2023/02/02	16:20:31	18.8661	80	1.72	4	18.9871	100	1.70	6	21.0486	-35	15.35	0	21.95	22.15	20.80	
2023/02/02	16:20:31	18.8712	85	1.71	2	18.9770	95	1.69	7	21.0486	-35	15.30	2	21.95	22.05	20.90	
2023/02/02	16:20:32	18.8712	85	1.71	2	18.9770	95	1.69	7	21.0486	-35	15.30	2	21.95	22.05	20.90	
2023/02/02	16:20:32	18.8712	100	1.66	2	18.9669	90	1.71	6	21.0435	-35	15.32	0	21.95	22.05	20.90	
2023/02/02	16:20:33	18.8712	90	1.67	4	18.9619	90	1.68	6	21.0486	-35	15.33	2	21.95	22.05	20.90	
2023/02/02	16:20:33	18.8712	90	1.67	4	18.9619	90	1.68	6	21.0486	-35	15.33	2	21.95	22.05	20.90	
2023/02/02	16:20:34	18.8812	90	1.67	4	18.9568	85	1.67	4	21.0486	-25	15.30	6	21.95	22.05	20.90	
2023/02/02	16:20:35	18.9065	95	1.64	4	18.9417	90	1.62	6	21.0950	-30	15.29	2	21.95	22.05	20.90	
2023/02/02	16:20:35	18.9065	95	1.64	4	18.9417	90	1.62	6	21.0950	-30	15.29	2	21.95	22.05	20.90	
2023/02/02	16:20:35	18.8964	90	1.60	0	18.9468	95	1.65	7	21.0587	-35	15.34	0	21.95	22.05	20.80	
2023/02/02	16:20:36	18.8964	90	1.60	0	18.9468	95	1.65	7	21.0587	-35	15.34	0	21.95	22.05	20.80	
2023/02/02	16:20:36	18.9165	85	1.65	4	18.9417	95	1.64	6	21.0587	-35	15.32	0	21.95	22.05	20.90	
2023/02/02	16:20:37	18.9317	85	1.63	6	18.9417	90	1.64	6	21.0587	-30	15.33	0	21.95	22.05	20.90	
2023/02/02	16:20:37	18.9317	85	1.63	6	18.9417	90	1.64	6	21.0587	-30	15.33	0	21.95	22.05	20.90	
2023/02/02	16:20:38	18.9367	85	1.62	2	18.9367	85	1.62	6	21.0587	-40	15.34	0	21.95	22.05	20.90	
2023/02/02	16:20:39	18.9417	80	1.65	7	18.9367	95	1.61	6	21.0788	-25	15.33	0	21.95	22.05	20.90	
2023/02/02	16:20:39	18.9417	80	1.65	7	18.9367	95	1.61	6	21.0788	-25	15.33	0	21.95	22.05	20.90	
2023/02/02	16:20:39	18.9468	80	1.60	2	18.9317	85	1.57	6	21.0688	-25	15.34	0	21.95	22.05	20.80	
2023/02/02	16:20:40	18.9468	80	1.60	2	18.9317	85	1.57	6	21.0688	-25	15.34	0	21.95	22.05	20.80	
2023/02/02	16:20:40	18.9468	80	1.59	6	18.9367	85	1.59	6	21.0839	-30	15.30	0	21.95	22.05	20.90	
2023/02/02	16:20:41	18.9468	90	1.61	2	18.9367	75	1.55	4	21.0788	-35	15.30	0	21.95	22.05	20.90	
2023/02/02	16:20:41	18.9468	90	1.61	2	18.9367	75	1.55	4	21.0788	-35	15.30	0	21.95	22.05	20.90	
2023/02/02	16:20:42	18.9468	90	1.60	4	18.9317	75	1.55	6	21.0889	-35	15.31	2	21.95	22.05	20.80	
2023/02/02	16:20:43	18.9468	80	1.59	4	18.9266	80	1.55	6	21.0939	-30	15.33	2	21.95	22.05	20.90	
2023/02/02	16:20:43	18.9468	80	1.59	4	18.9266	80	1.55	6	21.0939	-30	15.33	2	21.95	22.05	20.90	
2023/02/02	16:20:43	18.9468	80	1.58	2	18.9216	85	1.51	6	21.0889	-35	15.30	2	21.95	22.05	20.90	
2023/02/02	16:20:44	18.9468	80	1.58	2	18.9216	85	1.51	6	21.0889	-35	15.30	2	21.95	22.05	20.90	
2023/02/02	16:20:44	18.9468	85	1.57	2	18.9266	85	1.51	6	21.0990	-35	15.33	2	21.95	22.05	21.00	
2023/02/02	16:20:45	18.9468	80	1.56	4	18.9317	80	1.51	6	21.1040	-30	15.31	2	21.95	22.05	20.90	
2023/02/02	16:20:45	18.9468	80	1.56	4	18.9317	80	1.51	6	21.1040	-30	15.31	2	21.95	22.05	20.90	
2023/02/02	16:20:46	18.9468	75	1.54	2	18.9317	75	1.48	6	21.1091	-30	15.33	0	21.95	22.05	21.00	
2023/02/02	16:20:47	18.9468	75	1.55	4	18.9216	75	1.44	6	21.1091	-30	15.33	0	21.95	22.05	21.00	
2023/02/02	16:20:47	18.9468	75	1.55	4	18.9216	75	1.44	6	21.1091	-30	15.33	0	21.95	22.05	21.00	
2023/02/02	16:20:47	18.9468	75	1.54	2	18.9417	80	1.50	4	21.1192	-35	15.34	2	21.95	22.05	21.10	
2023/02/02	16:20:48	18.9468	75	1.54	2	18.9417	80	1.50	4	21.1192	-35	15.34	2	21.95	22.05	21.10	
2023/02/02	16:20:48	18.9568	65	1.54	4	18.9266	70	1.44	4	21.1192	-30	15.34	2	21.95	22.05	21.00	
2023/02/02	16:20:49	18.9720	90	1.55	2	18.9266	70	1.45	4	21.1192	-30	15.34	0	21.95	22.05	21.00	
2023/02/02	16:20:49	18.9720	90	1.55	2	18.9266	70	1.45	4	21.1192	-30	15.34	0	21.95	22.05	21.00	
2023/02/02	16:20:50	18.9821	80	1.56	2	18.9266	75	1.42	6	21.1192	-30	15.29	0	21.95	22.05	21.10	
2023/02/02	16:20:50	18.9821	80	1.56	2	18.9266	75	1.42	6	21.1192	-30	15.29	0	21.95	22.05	21.10	
2023/02/02	16:20:51	18.9871	80	1.59	2	18.9216	70	1.42	6	21.1192	-30	15.34	0	21.95	22.05	21.10	
2023/02/02	16:20:51	19.0022	85	1.57	2	18.9317	85	1.42	7	21.1192	-35	15.30	2	21.95	22.05	21.00	
2023/02/02	16:20:52	19.0022	85	1.57	2	18.9317	85	1.42	7	21.1192	-35	15.30	2	21.95	22.05	21.00	
2023/02/02	16:20:52	19.0123	90	1.61	2	18.9266	80	1.38	6	21.1192	-35	15.34	0	21.95	22.05	21.00	
2023/02/02	16:20:53	19.0073	90	1.60	2	18.9367	75	1.40	9	21.1242	-30	15.29	2	21.95	22.15	21.10	
2023/02/02	16:20:53	19.0073	90	1.60	2	18.9367	75	1.40	9	21.1242	-30	15.29	2	21.95	22.15	21.10	
2023/02/02	16:20:54	19.0173	80	1.61	2	18.9367	80	1.36	4	21.1242	-35	15.33	2	21.95	22.15	21.00	
2023/02/02	16:20:54	19.0173	80	1.61	2	18.9367	80	1.36	4	21.1242	-35	15.33	2	21.95	22.15	21.00	
2023/02/02	16:20:55	19.0173	75	1.60	2	18.9367	70	1.35	6	21.1242	-35	15.30	0	21.95	22.15	21.10	
2023/02/02	16:20:56	19.0173	75	1.61	0	18.9367	70	1.33	4	21.1242	-35	15.30	2	21.95	22.05	21.00	
2023/02/02	16:20:56	19.0173	75	1.61	0	18.9367	70	1.33	4	21.1242	-35	15.30	2	21.95	22.05	21.00	
2023/02/02	16:20:56	19.0224	85	1.63	2	18.9367	70	1.34	6	21.1192	-30	15.32	2	21.95	22.05	21.10	
2023/02/02	16:20:57	19.0224	85	1.64	2	18.9367	80	1.32	6	21.1242	-40	15.30	2	21.95	22.15	21.10	
2023/02/02	16:20:57	19.0224	85	1.64	2	18.9367	80	1.32	6	21.1242	-40	15.30	2	21.95	22.15	21.10	
2023/02/02	16:20:58	19.0274	85	1.65	2	18.9367	65	1.31	6	21.1242	-30	15.31	2	21.95	22.15	21.10	
2023/02/02	16:20:58	19.0274	85	1.65	2	18.9367	65	1.31	6	21.1242	-30	15.31	2	21.95	22.15	21.10	
2023/02/02	16:20:59	19.0274	85	1.64	4	18.9317	65	1.30	6	21.1242	-30	15.32	2	21.95	22.15	21.10	
2023/02/02	16:21:00	19.0224	90	1.63	4	18.9367	70	1.31	4	21.1242	-30	15.35	0	21.95	22.15	21.10	
2023/02/02	16:21:00	19.0224	90	1.63	4	18.9367	70	1.31	4	21.1242	-30	15.35	0	21.95	22.15	21.10	
2023/02/02	16:21:00	19.0274	90	1.66	4	18.9468	70	1.31	6	21.1242	-35	15.31	2	21.95	22.15	21.00	
2023/02/02	16:21:01	19.0274	85	1.67	2	18.9518	70	1.29	6	21.1242	-35	15.31	0	21.95	22.15	21.10	
2023/02/02	16:21:01	19.0274	85	1.67	2	18.9518	70	1.29	6	21.1242	-35	15.31	0	21.95	22.15	21.10	
2023/02/02	16:21:02	19.0274	95	1.68	4	18.9518	60	1.28	6	21.1242	-35	15.34	2	21.95	22.15	21.20	
2023/02/02	16:21:02	19.0274	95	1.68	4	18.9518	60	1.28	6	21.1242	-35	15.34	2	21.95	22.15	21.20	
2023/02/02	16:21:03	19.0274	90	1.68	2	18.9518	65	1.27	6	21.1242	-40	15.35	2	21.95	22.15	21.10	
2023/02/02	16:21:04	19.0274	90	1.68	4	18.9568	65	1.27	4	21.1242	-35	15.33	0	21.95	22.15	21.10	
2023/02/02	16:21:04	19.0274	90	1.68	4	18.9568	65	1.27	4	21.1242	-35	15.33	0	21.95	22.15	21.10	
2023/02/02	16:21:04	19.0274	95	1.69	2	18.9568	60	1.28	4	21.1242	-35	15.31	0	21.95	22.15	21.20	
2023/02/02	16:21:05	19.0274	95	1.69	2	18.9568	60	1.28	4	21.1242	-35	15.31	0	21.95	22.15	21.20	
2023/02/02	16:21:05	19.0274	95	1.70	4	18.9619	55	1.26	6	21.1242	-35	15.29	2	21.95	22.15	21.20	
2023/02/02	16:21:06	19.0274	90	1.70	4	18.9619	75	1.28	6	21.1242	-30	15.29	2	21.95	22.15	21.10	
2023/02/02	16:21:06	19.0274	90	1.70	4	18.9619	75	1.28	6	21.1242	-30	15.29	2	21.95	22.15	21.10	
2023/02/02	16:21:07	19.0224	95	1.68	4	18.9669	65	1.28	6	21.1242	-30	15.30	2	21.95	22.15	21.20	
2023/02/02	16:21:08	19.0274	85	1.74	4	18.9720	60	1.26	4	21.1242	-35	15.30	2	21.95	22.15	21.10	
2023/02/02	16:21:08	19.0274	85	1.74	4	18.9720	60	1.26	4	21.1242	-35	15.30	2	21.95	22.15	21.10	
2023/02/02	16:21:08	19.0274	90	1.71	2	18.9770	75	1.27	7	21.1242	-30	15.29	0	21.95	22.15	21.20	
2023/02/02	16:21:09	19.0274	90	1.71	2	18.9770	75	1.27	7	21.1242	-30	15.29	0	21.95	22.15	21.20	
2023/02/02	16:21:09	19.0274	85	1.71	4	18.9720	65	1.27	7	21.1242	-30	15.32	0	21.95	22.15	21.20	
2023/02/02	16:21:10	19.0274	95	1.73	4	18.9821	70	1.28	6	21.1242	-25	15.28	0	21.95	22.15	21.30	
2023/02/02	16:21:10	19.0274	95	1.73	4	18.9821	70	1.28	6	21.1242	-25	15.28	0	21.95	22.15	21.30	
2023/02/02	16:21:11	19.0274	100	1.75	4	18.9921	60	1.32	6	21.1242	-35	15.31	2	21.95	22.15	21.30	
2023/02/02	16:21:12	19.0224	95	1.75	2	18.9972	60	1.30	6	21.1242	-35	15.29	0	21.95	22.15	21.30	
2023/02/02	16:21:12	19.0224	95	1.75	2	18.9972	60	1.30	6	21.1242	-35	15.29	0	21.95	22.15	21.30	
2023/02/02	16:21:12	19.0224	100	1.74	4	18.9921	60	1.26	6	21.1292	-35	15.29	0	21.95	22.15	21.30	
2023/02/02	16:21:13	19.0224	100	1.74	4	18.9921	60	1.26	6	21.1292	-35	15.29	0	21.95	22.15	21.30	
2023/02/02	16:21:13	19.0173	90	1.74	2	19.0022	60	1.30	4	21.1242	-30	15.28	0	21.95	22.15	21.30	
2023/02/02	16:21:14	19.0123	90	1.73	4	19.0073	65	1.27	6	21.1242	-30	15.34	0	21.95	22.15	21.20	
2023/02/02	16:21:14	19.0123	90	1.73	4	19.0073	65	1.27	6	21.1242	-30	15.34	0	21.95	22.15	21.20	
2023/02/02	16:21:15	19.0123	100	1.73	4	19.0073	70	1.30	6	21.1292	-30	15.30	2	21.95	22.15	21.30	
2023/02/02	16:21:16	18.9972	90	1.70	4	19.0073	75	1.33	7	21.1292	-35	15.33	0	21.95	22.15	21.20	
2023/02/02	16:21:16	18.9972	90	1.70	4	19.0073	75	1.33	7	21.1292	-35	15.33	0	21.95	22.15	21.20	
2023/02/02	16:21:17	18.9972	95	1.72	2	19.0173	65	1.34	4	21.1292	-30	15.34	0	21.95	22.15	21.30	
2023/02/02	16:21:17	18.9972	95	1.72	2	19.0173	65	1.34	4	21.1292	-30	15.34	0	21.95	22.15	21.30	
2023/02/02	16:21:17	19.0022	85	1.74	7	19.0123	75	1.32	6	21.1343	-30	15.31	2	21.95	22.15	21.30	
2023/02/02	16:21:18	18.9821	90	1.67	2	19.0123	65	1.32	7	21.1292	-30	15.34	2	21.95	22.15	21.30	
2023/02/02	16:21:18	18.9821	90	1.67	2	19.0123	65	1.32	7	21.1292	-30	15.34	2	21.95	22.15	21.30	
2023/02/02	16:21:19	18.9871	95	1.71	2	19.0123	70	1.32	7	21.1393	-30	15.35	0	21.95	22.15	21.30	
2023/02/02	16:21:19	18.9871	95	1.71	2	19.0123	70	1.32	7	21.1393	-30	15.35	0	21.95	22.15	21.30	
2023/02/02	16:21:20	18.9871	90	1.70	2	19.0173	80	1.34	2	21.1393	-25	15.34	0	21.95	22.15	21.40	
2023/02/02	16:21:21	18.9821	90	1.71	0	19.0173	65	1.34	4	21.1544	-40	15.31	2	21.95	22.15	21.30	
2023/02/02	16:21:21	18.9821	90	1.71	0	19.0173	65	1.34	4	21.1544	-40	15.31	2	21.95	22.15	21.30	
2023/02/02	16:21:21	18.9770	85	1.66	4	19.0073	70	1.35	6	21.1494	-30	15.30	2	21.95	22.15	21.30	
2023/02/02	16:21:22	18.9770	90	1.66	6	19.0123	70	1.33	6	21.1444	-40	15.31	2	21.95	22.15	21.40	
2023/02/02	16:21:22	18.9770	90	1.66	6	19.0123	70	1.33	6	21.1444	-40	15.31	2	21.95	22.15	21.40	
2023/02/02	16:21:23	18.9821	85	1.67	2	19.0173	75	1.36	4	21.1544	-35	15.33	2	21.95	22.15	21.20	
2023/02/02	16:21:23	18.9821	85	1.67	2	19.0173	75	1.36	4	21.1544	-35	15.33	2	21.95	22.15	21.20	
2023/02/02	16:21:24	18.9720	95	1.66	0	19.0123	75	1.36	4	21.1494	-35	15.34	2	21.95	22.15	21.30	
2023/02/02	16:21:25	18.9770	90	1.67	4	18.9720	65	1.28	6	21.1847	-35	15.32	0	21.95	22.15	21.30	
2023/02/02	16:21:25	18.9770	90	1.67	4	18.9720	65	1.28	6	21.1847	-35	15.32	0	21.95	22.15	21.30	
2023/02/02	16:21:25	18.9720	85	1.65	2	19.0224	80	1.36	6	21.1544	-20	15.32	0	21.95	22.15	21.40	
2023/02/02	16:21:26	18.9770	85	1.66	2	19.0173	70	1.34	6	21.1696	-30	15.32	0	21.95	22.15	21.40	
2023/02/02	16:21:26	18.9770	85	1.66	2	19.0173	70	1.34	6	21.1696	-30	15.32	0	21.95	22.15	21.40	
2023/02/02	16:21:27	18.9770	90	1.64	4	19.0173	75	1.34	6	21.1796	-30	15.31	2	21.95	22.15	21.30	
2023/02/02	16:21:27	18.9770	90	1.64	4	19.0173	75	1.34	6	21.1796	-30	15.31	2	21.95	22.15	21.30	
2023/02/02	16:21:28	18.9821	80	1.67	2	19.0224	75	1.37	4	21.1847	-35	15.30	2	22.05	22.15	21.40	
2023/02/02	16:21:29	18.9770	95	1.63	4	19.0173	75	1.36	6	21.1796	-35	15.34	0	22.05	22.15	21.30	
2023/02/02	16:21:29	18.9770	95	1.63	4	19.0173	75	1.36	6	21.1796	-35	15.34	0	22.05	22.15	21.30	
2023/02/02	16:21:29	18.9871	85	1.67	2	19.0123	65	1.37	6	21.1847	-40	15.33	0	22.05	22.15	21.30	
2023/02/02	16:21:30	18.9972	85	1.66	2	19.0123	75	1.36	4	21.1897	-25	15.32	0	22.05	22.15	21.30	
2023/02/02	16:21:30	18.9972	85	1.66	2	19.0123	75	1.36	4	21.1897	-25	15.32	0	22.05	22.15	21.30	
2023/02/02	16:21:31	18.9770	80	1.64	4	19.0173	75	1.39	6	21.1948	-30	15.30	6	22.05	22.15	21.40	
2023/02/02	16:21:31	18.9770	80	1.64	4	19.0173	75	1.39	6	21.1948	-30	15.30	6	22.05	22.15	21.40	
2023/02/02	16:21:32	18.9871	95	1.65	2	19.0173	70	1.38	7	21.1998	-30	15.28	2	22.05	22.15	21.40	
2023/02/02	16:21:33	18.9770	80	1.63	4	19.0173	75	1.39	4	21.1998	-35	15.30	0	22.05	22.15	21.50	
2023/02/02	16:21:33	18.9770	80	1.63	4	19.0173	75	1.39	4	21.1998	-35	15.30	0	22.05	22.15	21.50	
2023/02/02	16:21:33	18.9821	80	1.64	4	19.0123	75	1.38	4	21.1998	-30	15.29	2	22.05	22.15	21.30	
2023/02/02	16:21:34	18.9720	85	1.64	4	19.0173	80	1.38	4	21.2048	-30	15.33	0	22.05	22.15	21.50	
2023/02/02	16:21:34	18.9720	85	1.64	4	19.0173	80	1.38	4	21.2048	-30	15.33	0	22.05	22.15	21.50	
2023/02/02	16:21:35	18.9821	85	1.66	2	19.0173	80	1.38	9	21.1998	-35	15.32	2	22.05	22.15	21.50	
2023/02/02	16:21:35	18.9821	85	1.66	2	19.0173	80	1.38	9	21.1998	-35	15.32	2	22.05	22.15	21.50	
2023/02/02	16:21:36	18.9921	80	1.65	7	19.0173	70	1.39	6	21.1998	-25	15.31	0	22.05	22.15	21.50	
2023/02/02	16:21:37	18.9871	90	1.62	4	19.0123	80	1.40	7	21.2048	-30	15.30	2	22.05	22.15	21.40	
2023/02/02	16:21:37	18.9871	90	1.62	4	19.0123	80	1.40	7	21.2048	-30	15.30	2	22.05	22.15	21.40	
2023/02/02	16:21:37	18.9921	90	1.62	2	19.0123	70	1.38	4	21.1998	-30	15.30	2	22.05	22.15	21.40	
2023/02/02	16:21:38	18.9921	90	1.62	2	19.0123	70	1.38	4	21.1998	-30	15.30	2	22.05	22.15	21.40	
2023/02/02	16:21:38	18.9770	85	1.62	2	19.0123	70	1.41	6	21.2048	-35	15.34	2	22.05	22.15	21.50	
2023/02/02	16:21:39	18.9921	80	1.63	2	19.0123	70	1.43	6	21.2048	-35	15.31	2	22.05	22.15	21.40	
2023/02/02	16:21:39	18.9921	80	1.63	2	19.0123	70	1.43	6	21.2048	-35	15.31	2	22.05	22.15	21.40	
2023/02/02	16:21:40	18.9921	85	1.67	2	19.0123	75	1.40	6	21.2048	-25	15.33	0	22.05	22.15	21.50	
2023/02/02	16:21:41	18.9871	85	1.61	2	19.0123	70	1.41	4	21.2048	-30	15.34	4	22.05	22.15	21.50	
2023/02/02	16:21:41	18.9871	85	1.61	2	19.0123	70	1.41	4	21.2048	-30	15.34	4	22.05	22.15	21.50	
2023/02/02	16:21:42	18.9921	85	1.63	2	19.0123	80	1.43	6	21.2048	-30	15.32	0	22.05	22.15	21.50	
2023/02/02	16:21:42	18.9921	85	1.63	2	19.0123	80	1.43	6	21.2048	-30	15.32	0	22.05	22.15	21.50	
2023/02/02	16:21:42	18.9921	80	1.63	4	19.0123	75	1.40	4	21.2048	-35	15.35	0	22.05	22.15	21.50	
2023/02/02	16:21:43	18.9921	80	1.64	2	19.0073	75	1.40	4	21.2048	-40	15.29	2	22.05	22.15	21.60	
2023/02/02	16:21:43	18.9921	80	1.64	2	19.0073	75	1.40	4	21.2048	-40	15.29	2	22.05	22.15	21.60	
2023/02/02	16:21:44	18.9921	90	1.64	2	19.0073	75	1.40	6	21.2048	-30	15.32	0	22.05	22.15	21.50	
2023/02/02	16:21:45	18.9871	90	1.62	2	19.0123	70	1.42	6	21.2048	-35	15.30	0	22.05	22.15	21.50	
2023/02/02	16:21:45	18.9871	90	1.62	2	19.0123	70	1.42	6	21.2048	-35	15.30	0	22.05	22.15	21.50	
2023/02/02	16:21:46	19.0022	90	1.64	2	19.0073	80	1.42	6	21.2048	-40	15.31	0	22.05	22.15	21.50	
2023/02/02	16:21:46	19.0022	90	1.64	2	19.0073	80	1.42	6	21.2048	-40	15.31	0	22.05	22.15	21.50	
2023/02/02	16:21:47	18.9972	85	1.65	4	19.0073	75	1.41	6	21.2048	-35	15.31	0	22.05	22.15	21.50	
2023/02/02	16:21:47	19.0022	85	1.65	2	19.0022	70	1.41	6	21.2048	-30	15.31	2	22.05	22.15	21.60	
2023/02/02	16:21:48	19.0022	85	1.65	2	19.0022	70	1.41	6	21.2048	-30	15.31	2	22.05	22.15	21.60	
2023/02/02	16:21:48	19.0022	90	1.62	4	19.0022	75	1.42	6	21.2048	-30	15.31	2	22.05	22.15	21.60	
2023/02/02	16:21:49	18.9921	85	1.62	4	19.0022	70	1.42	6	21.2048	-35	15.29	2	22.05	22.15	21.50	
2023/02/02	16:21:49	18.9921	85	1.62	4	19.0022	70	1.42	6	21.2048	-35	15.29	2	22.05	22.15	21.50	
2023/02/02	16:21:50	18.9921	80	1.62	2	18.9972	70	1.40	6	21.2048	-30	15.31	2	22.05	22.15	21.60	
2023/02/02	16:21:50	18.9921	80	1.62	2	18.9972	70	1.40	6	21.2048	-30	15.31	2	22.05	22.15	21.60	
2023/02/02	16:21:51	19.0073	90	1.70	2	18.9921	75	1.42	4	21.2048	-30	15.32	2	22.05	22.15	21.60	
2023/02/02	16:21:51	18.9972	90	1.64	2	18.9921	80	1.39	6	21.2048	-35	15.28	2	22.05	22.15	21.60	
2023/02/02	16:21:52	18.9972	90	1.64	2	18.9921	80	1.39	6	21.2048	-35	15.28	2	22.05	22.15	21.60	
2023/02/02	16:21:52	18.9871	80	1.63	4	18.9871	75	1.36	6	21.2048	-35	15.32	0	22.05	22.15	21.50	
2023/02/02	16:21:53	19.0022	90	1.67	4	18.9871	80	1.43	6	21.2048	-25	15.31	2	22.05	22.15	21.60	
2023/02/02	16:21:53	19.0022	90	1.67	4	18.9871	80	1.43	6	21.2048	-25	15.31	2	22.05	22.15	21.60	
2023/02/02	16:21:54	18.9972	-15	0.43	2	19.0022	0	0.32	6	21.2048	-10	0.03	2	22.05	22.15	21.50	
2023/02/02	16:21:54	18.9972	-15	0.43	2	19.0022	0	0.32	6	21.2048	-10	0.03	2	22.05	22.15	21.50	
2023/02/02	16:21:55	19.0073	-5	0.37	2	19.0073	-5	0.24	6	21.2048	-15	0.01	2	22.05	22.15	21.60	
2023/02/02	16:21:55	19.0274	0	0.34	4	19.0224	-5	0.20	6	21.2048	-10	0.01	4	22.05	22.15	21.60	
2023/02/02	16:21:56	19.0274	0	0.34	4	19.0224	-5	0.20	6	21.2048	-10	0.01	4	22.05	22.15	21.60	
2023/02/02	16:21:56	19.0577	-10	0.33	4	19.0476	-5	0.19	6	21.2048	-20	0.01	2	22.05	22.15	21.60	
2023/02/02	16:21:57	19.1030	-5	0.32	4	19.0829	-5	0.18	7	21.2048	-10	0.01	2	22.05	22.15	21.70	
2023/02/02	16:21:57	19.1030	-5	0.32	4	19.0829	-5	0.18	7	21.2048	-10	0.01	2	22.05	22.15	21.70	
2023/02/02	16:21:58	19.1131	-10	0.32	2	19.0980	-10	0.17	6	21.2048	-5	0.01	0	22.05	22.15	21.60	
2023/02/02	16:21:58	19.1131	-10	0.32	2	19.0980	-10	0.17	6	21.2048	-5	0.01	0	22.05	22.15	21.60	
2023/02/02	16:21:59	19.1736	-5	0.31	4	19.1181	-5	0.16	2	21.2048	-15	0.01	4	22.05	22.15	21.50	
